<?xml version="1.0" encoding="UTF-8"?>
<!-- Generated by org.testng.reporters.JUnitXMLReporter -->
<testsuite ignored="0" hostname="LAPTOP-7TSBCCPS" failures="0" tests="4" name="Test cases" time="0.049" errors="0" timestamp="2021-06-07T12:17:14 IST">
  <testcase classname="TAmil.Tgroupingtestcases" name="apple1" time="0.007"/>
  <testcase classname="TAmil.Tgroupingtestcases" name="apple2" time="0.009"/>
  <testcase classname="TAmil.Tgroupingtestcases" name="moto1" time="0.001"/>
  <testcase classname="TAmil.Tgroupingtestcases" name="moto2" time="0.003"/>
</testsuite> <!-- Test cases -->
