<?xml version="1.0" encoding="UTF-8"?>
<testng-results ignored="0" total="4" passed="4" failed="0" skipped="0">
  <reporter-output>
  </reporter-output>
  <suite started-at="2021-06-05T13:11:21 IST" name="Test suite" finished-at="2021-06-05T13:11:34 IST" duration-ms="13346">
    <groups>
    </groups>
    <test started-at="2021-06-05T13:11:21 IST" name="Test cases" finished-at="2021-06-05T13:11:34 IST" duration-ms="13346">
      <class name="TAmil.secondtestng">
        <test-method is-config="true" signature="beforeSuite()[pri:0, instance:TAmil.secondtestng@2053d869]" started-at="2021-06-05T13:11:17 IST" name="beforeSuite" finished-at="2021-06-05T13:11:21 IST" duration-ms="4311" status="PASS">
          <reporter-output>
          </reporter-output>
        </test-method> <!-- beforeSuite -->
        <test-method signature="youtubee()[pri:0, instance:TAmil.secondtestng@2053d869]" started-at="2021-06-05T13:11:28 IST" name="youtubee" finished-at="2021-06-05T13:11:34 IST" duration-ms="6286" status="PASS">
          <reporter-output>
          </reporter-output>
        </test-method> <!-- youtubee -->
        <test-method is-config="true" signature="afterSuite()[pri:0, instance:TAmil.secondtestng@2053d869]" started-at="2021-06-05T13:11:35 IST" name="afterSuite" finished-at="2021-06-05T13:11:36 IST" duration-ms="1142" status="PASS">
          <reporter-output>
          </reporter-output>
        </test-method> <!-- afterSuite -->
      </class> <!-- TAmil.secondtestng -->
      <class name="TAmil.Suite">
        <test-method is-config="true" signature="beforeSuite()[pri:0, instance:TAmil.Suite@3059cbc]" started-at="2021-06-05T13:11:12 IST" name="beforeSuite" finished-at="2021-06-05T13:11:17 IST" duration-ms="4525" status="PASS">
          <reporter-output>
          </reporter-output>
        </test-method> <!-- beforeSuite -->
        <test-method signature="openbing()[pri:0, instance:TAmil.Suite@3059cbc]" started-at="2021-06-05T13:11:21 IST" name="openbing" finished-at="2021-06-05T13:11:22 IST" duration-ms="1187" status="PASS">
          <reporter-output>
          </reporter-output>
        </test-method> <!-- openbing -->
        <test-method signature="opengoogle()[pri:0, instance:TAmil.Suite@3059cbc]" started-at="2021-06-05T13:11:22 IST" name="opengoogle" finished-at="2021-06-05T13:11:25 IST" duration-ms="2753" status="PASS">
          <reporter-output>
          </reporter-output>
        </test-method> <!-- opengoogle -->
        <test-method signature="openyahoo()[pri:0, instance:TAmil.Suite@3059cbc]" started-at="2021-06-05T13:11:25 IST" name="openyahoo" finished-at="2021-06-05T13:11:28 IST" duration-ms="3055" status="PASS">
          <reporter-output>
          </reporter-output>
        </test-method> <!-- openyahoo -->
        <test-method is-config="true" signature="afterSuite()[pri:0, instance:TAmil.Suite@3059cbc]" started-at="2021-06-05T13:11:35 IST" name="afterSuite" finished-at="2021-06-05T13:11:35 IST" duration-ms="1" status="PASS">
          <reporter-output>
          </reporter-output>
        </test-method> <!-- afterSuite -->
      </class> <!-- TAmil.Suite -->
    </test> <!-- Test cases -->
  </suite> <!-- Test suite -->
</testng-results>
